<?xml version="1.0" encoding="UTF-8"?>
<!-- Generated by org.testng.reporters.JUnitReportReporter -->
<testsuite hostname="DESKTOP-BQA1MLK" failures="0" tests="1" name="testCases.TC002_LoginTest" time="2.406" errors="0" timestamp="2025-05-28T15:30:37 IST" skipped="0">
  <testcase classname="testCases.TC002_LoginTest" name="login" time="2.406"/>
</testsuite> <!-- testCases.TC002_LoginTest -->
