<?xml version="1.0" encoding="UTF-8"?>
<!-- Generated by org.testng.reporters.JUnitReportReporter -->
<testsuite hostname="DESKTOP-BQA1MLK" failures="0" tests="1" name="testCases.TC001_AccountRegistrationTest" time="12.573" errors="0" timestamp="2025-05-28T15:32:35 IST" skipped="0">
  <testcase classname="testCases.TC001_AccountRegistrationTest" name="account_register" time="12.573"/>
</testsuite> <!-- testCases.TC001_AccountRegistrationTest -->
