<?xml version="1.0" encoding="UTF-8"?>
<!-- Generated by org.testng.reporters.JUnitReportReporter -->
<testsuite hostname="DESKTOP-BQA1MLK" failures="0" tests="1" name="testCases.TC004_SearchBookByName" time="8.078" errors="0" timestamp="2025-05-28T15:56:57 IST" skipped="0">
  <testcase classname="testCases.TC004_SearchBookByName" name="searchBook" time="8.078"/>
</testsuite> <!-- testCases.TC004_SearchBookByName -->
