<?xml version="1.0" encoding="UTF-8"?>
<!-- Generated by org.testng.reporters.JUnitReportReporter -->
<testsuite hostname="DESKTOP-BQA1MLK" failures="0" tests="6" name="testCases.TC003_LoginTestDDT" time="94.929" errors="0" timestamp="2025-05-28T15:30:37 IST" skipped="0">
  <testcase classname="testCases.TC003_LoginTestDDT" name="login" time="15.774"/>
  <testcase classname="testCases.TC003_LoginTestDDT" name="login" time="15.831"/>
  <testcase classname="testCases.TC003_LoginTestDDT" name="login" time="15.840"/>
  <testcase classname="testCases.TC003_LoginTestDDT" name="login" time="16.066"/>
  <testcase classname="testCases.TC003_LoginTestDDT" name="login" time="15.593"/>
  <testcase classname="testCases.TC003_LoginTestDDT" name="login" time="15.825"/>
</testsuite> <!-- testCases.TC003_LoginTestDDT -->
