<?xml version="1.0" encoding="UTF-8"?>
<!-- Generated by org.testng.reporters.JUnitReportReporter -->
<testsuite hostname="DESKTOP-BQA1MLK" failures="0" tests="6" name="testCases.TC003_LoginTestDDT" time="93.773" errors="0" timestamp="2025-05-27T19:57:36 IST" skipped="0">
  <testcase classname="testCases.TC003_LoginTestDDT" name="login" time="15.635"/>
  <testcase classname="testCases.TC003_LoginTestDDT" name="login" time="15.651"/>
  <testcase classname="testCases.TC003_LoginTestDDT" name="login" time="15.545"/>
  <testcase classname="testCases.TC003_LoginTestDDT" name="login" time="15.512"/>
  <testcase classname="testCases.TC003_LoginTestDDT" name="login" time="15.580"/>
  <testcase classname="testCases.TC003_LoginTestDDT" name="login" time="15.850"/>
</testsuite> <!-- testCases.TC003_LoginTestDDT -->
